<?xml version="1.0" encoding="UTF-8"?>
<!-- Generated by org.testng.reporters.JUnitReportReporter -->
<testsuite hostname="DESKTOP-FMS9LJ8" failures="0" tests="1" name="myMavTestProj.TestCase4SimpleTestClass" time="14.591" errors="0" timestamp="2021-04-19T10:32:12 NZST" skipped="0">
  <testcase classname="myMavTestProj.TestCase4SimpleTestClass" name="testShopPage" time="14.591"/>
  <system-out/>
</testsuite> <!-- myMavTestProj.TestCase4SimpleTestClass -->
