<?xml version="1.0" encoding="UTF-8"?>
<!-- Generated by org.testng.reporters.JUnitReportReporter -->
<testsuite hostname="DESKTOP-FMS9LJ8" failures="0" tests="1" name="myMavTestProj.TestCase4PlanitTestClass" time="7.722" errors="0" timestamp="2021-04-19T12:46:13 NZST" skipped="0">
  <testcase classname="myMavTestProj.TestCase4PlanitTestClass" name="testShopPage" time="7.722"/>
  <system-out/>
</testsuite> <!-- myMavTestProj.TestCase4PlanitTestClass -->
