<?xml version="1.0" encoding="UTF-8"?>
<!-- Generated by org.testng.reporters.JUnitReportReporter -->
<testsuite hostname="DESKTOP-FMS9LJ8" failures="0" tests="1" name="myMavTestProj.TestCase3SimpleTestClass" time="9.429" errors="0" timestamp="2021-04-19T10:30:33 NZST" skipped="0">
  <testcase classname="myMavTestProj.TestCase3SimpleTestClass" name="testContactPageForInvalidData" time="9.429"/>
  <system-out/>
</testsuite> <!-- myMavTestProj.TestCase3SimpleTestClass -->
