<?xml version="1.0" encoding="UTF-8"?>
<!-- Generated by org.testng.reporters.JUnitReportReporter -->
<testsuite hostname="DESKTOP-FMS9LJ8" failures="0" tests="1" name="myMavTestProj.TestCase3PlanitTestClass" time="5.991" errors="0" timestamp="2021-04-19T12:45:59 NZST" skipped="0">
  <testcase classname="myMavTestProj.TestCase3PlanitTestClass" name="testContactPageForInvalidData" time="5.991"/>
  <system-out/>
</testsuite> <!-- myMavTestProj.TestCase3PlanitTestClass -->
