<?xml version="1.0" encoding="UTF-8"?>
<!-- Generated by org.testng.reporters.JUnitReportReporter -->
<testsuite hostname="DESKTOP-FMS9LJ8" failures="0" tests="1" name="myMavTestProj.TestSimpleTestClass" time="5.963" errors="0" timestamp="2021-04-18T13:53:59 NZST" skipped="0">
  <testcase classname="myMavTestProj.TestSimpleTestClass" name="test1" time="5.963"/>
  <system-out/>
</testsuite> <!-- myMavTestProj.TestSimpleTestClass -->
