<?xml version="1.0" encoding="UTF-8"?>
<!-- Generated by org.testng.reporters.JUnitReportReporter -->
<testsuite hostname="DESKTOP-FMS9LJ8" failures="0" tests="1" name="myMavTestProj.TestCase1PlanitTestClass" time="5.607" errors="0" timestamp="2021-04-19T12:45:29 NZST" skipped="0">
  <testcase classname="myMavTestProj.TestCase1PlanitTestClass" name="testContactPageForErrors" time="5.607"/>
  <system-out/>
</testsuite> <!-- myMavTestProj.TestCase1PlanitTestClass -->
