<?xml version="1.0" encoding="UTF-8"?>
<!-- Generated by org.testng.reporters.JUnitReportReporter -->
<testsuite hostname="DESKTOP-FMS9LJ8" failures="0" tests="1" name="myMavTestProj.TestCase2SimpleTestClass" time="15.661" errors="0" timestamp="2021-04-19T10:28:07 NZST" skipped="0">
  <testcase classname="myMavTestProj.TestCase2SimpleTestClass" name="testContactPageForSucSub" time="15.661"/>
  <system-out/>
</testsuite> <!-- myMavTestProj.TestCase2SimpleTestClass -->
