<?xml version="1.0" encoding="UTF-8"?>
<!-- Generated by org.testng.reporters.JUnitReportReporter -->
<testsuite hostname="DESKTOP-FMS9LJ8" failures="0" tests="1" name="myMavTestProj.TestCase1SimpleTestClass" time="9.742" errors="0" timestamp="2021-04-19T10:37:58 NZST" skipped="0">
  <testcase classname="myMavTestProj.TestCase1SimpleTestClass" name="testContactPageForErrors" time="9.742"/>
  <system-out/>
</testsuite> <!-- myMavTestProj.TestCase1SimpleTestClass -->
